<?xml version="1.0" encoding="UTF-8"?>
<testsuite xmlns:xsi="http://www.w3.org/2001/XMLSchema-instance" xsi:noNamespaceSchemaLocation="https://maven.apache.org/surefire/maven-surefire-plugin/xsd/surefire-test-report.xsd" version="3.0.2" name="org.example.backend.BackendApplicationTests" time="2.823" tests="1" errors="0" skipped="0" failures="0">
  <properties>
[...]
</properties>
  <testcase name="contextLoads" classname="org.example.backend.BackendApplicationTests" time="0.548">
    <system-out><![CDATA[16:03:05.964 [main] INFO org.springframework.test.context.support.AnnotationConfigContextLoaderUtils -- Could not detect default configuration classes for test class [org.example.backend.BackendApplicationTests]: BackendApplicationTests does not declare any static, non-private, non-final, nested classes annotated with @Configuration.
16:03:06.033 [main] INFO org.springframework.boot.test.context.SpringBootTestContextBootstrapper -- Found @SpringBootConfiguration org.example.backend.BackendApplication for test class org.example.backend.BackendApplicationTests

  .   ____          _            __ _ _
 /\\ / ___'_ __ _ _(_)_ __  __ _ \ \ \ \
( ( )\___ | '_ | '_| | '_ \/ _` | \ \ \ \
 \\/  ___)| |_)| | | | | || (_| |  ) ) ) )
  '  |____| .__|_| |_|_| |_\__, | / / / /
 =========|_|==============|___/=/_/_/_/

 :: Spring Boot ::                (v3.5.3)

2025-06-23T16:03:06.351+09:00  INFO 30226 --- [backend] [           main] o.e.backend.BackendApplicationTests      : Starting BackendApplicationTests using Java 17.0.15 with PID 30226 (started by latem in /home/latem/spring/backend)
2025-06-23T16:03:06.353+09:00  INFO 30226 --- [backend] [           main] o.e.backend.BackendApplicationTests      : No active profile set, falling back to 1 default profile: "default"
2025-06-23T16:03:06.814+09:00  INFO 30226 --- [backend] [           main] .s.d.r.c.RepositoryConfigurationDelegate : Bootstrapping Spring Data Reactive MongoDB repositories in DEFAULT mode.
2025-06-23T16:03:06.909+09:00  INFO 30226 --- [backend] [           main] .s.d.r.c.RepositoryConfigurationDelegate : Finished Spring Data repository scanning in 86 ms. Found 0 Reactive MongoDB repository interfaces.
2025-06-23T16:03:06.915+09:00  INFO 30226 --- [backend] [           main] .s.d.r.c.RepositoryConfigurationDelegate : Bootstrapping Spring Data MongoDB repositories in DEFAULT mode.
2025-06-23T16:03:06.930+09:00  INFO 30226 --- [backend] [           main] .s.d.r.c.RepositoryConfigurationDelegate : Finished Spring Data repository scanning in 13 ms. Found 5 MongoDB repository interfaces.
2025-06-23T16:03:07.313+09:00  INFO 30226 --- [backend] [hbh.mongodb.net] org.mongodb.driver.cluster               : Adding discovered server ac-yf9wtcq-shard-00-00.8gy1hbh.mongodb.net:27017 to client view of cluster
2025-06-23T16:03:07.322+09:00  INFO 30226 --- [backend] [           main] org.mongodb.driver.client                : MongoClient with metadata {"application": {"name": "Cluster0"}, "driver": {"name": "mongo-java-driver|sync|spring-boot", "version": "5.5.1"}, "os": {"type": "Linux", "name": "Linux", "architecture": "aarch64", "version": "5.15.167.4-microsoft-standard-WSL2"}, "platform": "Java/Ubuntu/17.0.15+6-Ubuntu-0ubuntu124.04"} created with settings MongoClientSettings{readPreference=primary, writeConcern=WriteConcern{w=majority, wTimeout=null ms, journal=null}, retryWrites=true, retryReads=true, readConcern=ReadConcern{level=null}, credential=MongoCredential{mechanism=null, userName='apple', source='admin', password=<hidden>, mechanismProperties=<hidden>}, transportSettings=null, commandListeners=[], codecRegistry=ProvidersCodecRegistry{codecProviders=[ValueCodecProvider{}, BsonValueCodecProvider{}, DBRefCodecProvider{}, DBObjectCodecProvider{}, DocumentCodecProvider{}, CollectionCodecProvider{}, IterableCodecProvider{}, MapCodecProvider{}, GeoJsonCodecProvider{}, GridFSFileCodecProvider{}, Jsr310CodecProvider{}, JsonObjectCodecProvider{}, BsonCodecProvider{}, EnumCodecProvider{}, com.mongodb.client.model.mql.ExpressionCodecProvider@552fee7a, com.mongodb.Jep395RecordCodecProvider@548e43b1, com.mongodb.KotlinCodecProvider@67688110]}, loggerSettings=LoggerSettings{maxDocumentLength=1000}, clusterSettings={hosts=[127.0.0.1:27017], srvHost=cluster0.8gy1hbh.mongodb.net, srvServiceName=mongodb, mode=MULTIPLE, requiredClusterType=REPLICA_SET, requiredReplicaSetName='atlas-1ciq7z-shard-0', serverSelector='null', clusterListeners='[]', serverSelectionTimeout='30000 ms', localThreshold='15 ms'}, socketSettings=SocketSettings{connectTimeoutMS=10000, readTimeoutMS=0, receiveBufferSize=0, proxySettings=ProxySettings{host=null, port=null, username=null, password=null}}, heartbeatSocketSettings=SocketSettings{connectTimeoutMS=10000, readTimeoutMS=10000, receiveBufferSize=0, proxySettings=ProxySettings{host=null, port=null, username=null, password=null}}, connectionPoolSettings=ConnectionPoolSettings{maxSize=100, minSize=0, maxWaitTimeMS=120000, maxConnectionLifeTimeMS=0, maxConnectionIdleTimeMS=0, maintenanceInitialDelayMS=0, maintenanceFrequencyMS=60000, connectionPoolListeners=[], maxConnecting=2}, serverSettings=ServerSettings{heartbeatFrequencyMS=10000, minHeartbeatFrequencyMS=500, serverMonitoringMode=AUTO, serverListeners='[]', serverMonitorListeners='[]'}, sslSettings=SslSettings{enabled=true, invalidHostNameAllowed=false, context=null}, applicationName='Cluster0', compressorList=[], uuidRepresentation=JAVA_LEGACY, serverApi=null, autoEncryptionSettings=null, dnsClient=null, inetAddressResolver=null, contextProvider=null, timeoutMS=null}
2025-06-23T16:03:07.333+09:00  INFO 30226 --- [backend] [hbh.mongodb.net] org.mongodb.driver.cluster               : Adding discovered server ac-yf9wtcq-shard-00-01.8gy1hbh.mongodb.net:27017 to client view of cluster
2025-06-23T16:03:07.335+09:00  INFO 30226 --- [backend] [hbh.mongodb.net] org.mongodb.driver.cluster               : Adding discovered server ac-yf9wtcq-shard-00-02.8gy1hbh.mongodb.net:27017 to client view of cluster
2025-06-23T16:03:07.784+09:00  INFO 30226 --- [backend] [           main] o.s.b.a.w.s.WelcomePageHandlerMapping    : Adding welcome page template: index
2025-06-23T16:03:07.818+09:00  INFO 30226 --- [backend] [ngodb.net:27017] org.mongodb.driver.cluster               : Monitor thread successfully connected to server with description ServerDescription{address=ac-yf9wtcq-shard-00-01.8gy1hbh.mongodb.net:27017, type=REPLICA_SET_PRIMARY, cryptd=false, state=CONNECTED, ok=true, minWireVersion=0, maxWireVersion=25, maxDocumentSize=16777216, logicalSessionTimeoutMinutes=30, roundTripTimeNanos=258548699, minRoundTripTimeNanos=0, setName='atlas-1ciq7z-shard-0', canonicalAddress=ac-yf9wtcq-shard-00-01.8gy1hbh.mongodb.net:27017, hosts=[ac-yf9wtcq-shard-00-00.8gy1hbh.mongodb.net:27017, ac-yf9wtcq-shard-00-02.8gy1hbh.mongodb.net:27017, ac-yf9wtcq-shard-00-01.8gy1hbh.mongodb.net:27017], passives=[], arbiters=[], primary='ac-yf9wtcq-shard-00-01.8gy1hbh.mongodb.net:27017', tagSet=TagSet{[Tag{name='availabilityZone', value='apne2-az3'}, Tag{name='diskState', value='READY'}, Tag{name='nodeType', value='ELECTABLE'}, Tag{name='provider', value='AWS'}, Tag{name='region', value='AP_NORTHEAST_2'}, Tag{name='workloadType', value='OPERATIONAL'}]}, electionId=7fffffff0000000000000086, setVersion=9, topologyVersion=TopologyVersion{processId=684ef3c345e2ae86573537af, counter=6}, lastWriteDate=Mon Jun 23 16:03:07 KST 2025, lastUpdateTimeNanos=6107664423107}
2025-06-23T16:03:07.818+09:00  INFO 30226 --- [backend] [ngodb.net:27017] org.mongodb.driver.cluster               : Monitor thread successfully connected to server with description ServerDescription{address=ac-yf9wtcq-shard-00-00.8gy1hbh.mongodb.net:27017, type=REPLICA_SET_SECONDARY, cryptd=false, state=CONNECTED, ok=true, minWireVersion=0, maxWireVersion=25, maxDocumentSize=16777216, logicalSessionTimeoutMinutes=30, roundTripTimeNanos=258668090, minRoundTripTimeNanos=0, setName='atlas-1ciq7z-shard-0', canonicalAddress=ac-yf9wtcq-shard-00-00.8gy1hbh.mongodb.net:27017, hosts=[ac-yf9wtcq-shard-00-00.8gy1hbh.mongodb.net:27017, ac-yf9wtcq-shard-00-02.8gy1hbh.mongodb.net:27017, ac-yf9wtcq-shard-00-01.8gy1hbh.mongodb.net:27017], passives=[], arbiters=[], primary='ac-yf9wtcq-shard-00-01.8gy1hbh.mongodb.net:27017', tagSet=TagSet{[Tag{name='availabilityZone', value='apne2-az1'}, Tag{name='diskState', value='READY'}, Tag{name='nodeType', value='ELECTABLE'}, Tag{name='provider', value='AWS'}, Tag{name='region', value='AP_NORTHEAST_2'}, Tag{name='workloadType', value='OPERATIONAL'}]}, electionId=null, setVersion=9, topologyVersion=TopologyVersion{processId=684ef18e6d448fcae2039cc7, counter=4}, lastWriteDate=Mon Jun 23 16:03:07 KST 2025, lastUpdateTimeNanos=6107664479128}
2025-06-23T16:03:07.819+09:00  INFO 30226 --- [backend] [ngodb.net:27017] org.mongodb.driver.cluster               : Monitor thread successfully connected to server with description ServerDescription{address=ac-yf9wtcq-shard-00-02.8gy1hbh.mongodb.net:27017, type=REPLICA_SET_SECONDARY, cryptd=false, state=CONNECTED, ok=true, minWireVersion=0, maxWireVersion=25, maxDocumentSize=16777216, logicalSessionTimeoutMinutes=30, roundTripTimeNanos=258409045, minRoundTripTimeNanos=0, setName='atlas-1ciq7z-shard-0', canonicalAddress=ac-yf9wtcq-shard-00-02.8gy1hbh.mongodb.net:27017, hosts=[ac-yf9wtcq-shard-00-00.8gy1hbh.mongodb.net:27017, ac-yf9wtcq-shard-00-02.8gy1hbh.mongodb.net:27017, ac-yf9wtcq-shard-00-01.8gy1hbh.mongodb.net:27017], passives=[], arbiters=[], primary='ac-yf9wtcq-shard-00-01.8gy1hbh.mongodb.net:27017', tagSet=TagSet{[Tag{name='availabilityZone', value='apne2-az2'}, Tag{name='diskState', value='READY'}, Tag{name='nodeType', value='ELECTABLE'}, Tag{name='provider', value='AWS'}, Tag{name='region', value='AP_NORTHEAST_2'}, Tag{name='workloadType', value='OPERATIONAL'}]}, electionId=null, setVersion=9, topologyVersion=TopologyVersion{processId=684ef6a4592747b1839312c4, counter=3}, lastWriteDate=Mon Jun 23 16:03:07 KST 2025, lastUpdateTimeNanos=6107664218891}
2025-06-23T16:03:07.820+09:00  INFO 30226 --- [backend] [ngodb.net:27017] org.mongodb.driver.cluster               : Discovered replica set primary ac-yf9wtcq-shard-00-01.8gy1hbh.mongodb.net:27017 with max election id 7fffffff0000000000000086 and max set version 9
2025-06-23T16:03:08.049+09:00  INFO 30226 --- [backend] [           main] org.mongodb.driver.client                : MongoClient with metadata {"application": {"name": "Cluster0"}, "driver": {"name": "mongo-java-driver|reactive-streams|spring-boot", "version": "5.5.1"}, "os": {"type": "Linux", "name": "Linux", "architecture": "aarch64", "version": "5.15.167.4-microsoft-standard-WSL2"}, "platform": "Java/Ubuntu/17.0.15+6-Ubuntu-0ubuntu124.04"} created with settings MongoClientSettings{readPreference=primary, writeConcern=WriteConcern{w=majority, wTimeout=null ms, journal=null}, retryWrites=true, retryReads=true, readConcern=ReadConcern{level=null}, credential=MongoCredential{mechanism=null, userName='apple', source='admin', password=<hidden>, mechanismProperties=<hidden>}, transportSettings=null, commandListeners=[], codecRegistry=ProvidersCodecRegistry{codecProviders=[ValueCodecProvider{}, BsonValueCodecProvider{}, DBRefCodecProvider{}, DBObjectCodecProvider{}, DocumentCodecProvider{}, CollectionCodecProvider{}, IterableCodecProvider{}, MapCodecProvider{}, GeoJsonCodecProvider{}, GridFSFileCodecProvider{}, Jsr310CodecProvider{}, JsonObjectCodecProvider{}, BsonCodecProvider{}, EnumCodecProvider{}, com.mongodb.client.model.mql.ExpressionCodecProvider@552fee7a, com.mongodb.Jep395RecordCodecProvider@548e43b1, com.mongodb.KotlinCodecProvider@67688110]}, loggerSettings=LoggerSettings{maxDocumentLength=1000}, clusterSettings={hosts=[127.0.0.1:27017], srvHost=cluster0.8gy1hbh.mongodb.net, srvServiceName=mongodb, mode=MULTIPLE, requiredClusterType=REPLICA_SET, requiredReplicaSetName='atlas-1ciq7z-shard-0', serverSelector='null', clusterListeners='[]', serverSelectionTimeout='30000 ms', localThreshold='15 ms'}, socketSettings=SocketSettings{connectTimeoutMS=10000, readTimeoutMS=0, receiveBufferSize=0, proxySettings=ProxySettings{host=null, port=null, username=null, password=null}}, heartbeatSocketSettings=SocketSettings{connectTimeoutMS=10000, readTimeoutMS=10000, receiveBufferSize=0, proxySettings=ProxySettings{host=null, port=null, username=null, password=null}}, connectionPoolSettings=ConnectionPoolSettings{maxSize=100, minSize=0, maxWaitTimeMS=120000, maxConnectionLifeTimeMS=0, maxConnectionIdleTimeMS=0, maintenanceInitialDelayMS=0, maintenanceFrequencyMS=60000, connectionPoolListeners=[], maxConnecting=2}, serverSettings=ServerSettings{heartbeatFrequencyMS=10000, minHeartbeatFrequencyMS=500, serverMonitoringMode=AUTO, serverListeners='[]', serverMonitorListeners='[]'}, sslSettings=SslSettings{enabled=true, invalidHostNameAllowed=false, context=null}, applicationName='Cluster0', compressorList=[], uuidRepresentation=JAVA_LEGACY, serverApi=null, autoEncryptionSettings=null, dnsClient=null, inetAddressResolver=null, contextProvider=null, timeoutMS=null}
2025-06-23T16:03:08.088+09:00  INFO 30226 --- [backend] [hbh.mongodb.net] org.mongodb.driver.cluster               : Adding discovered server ac-yf9wtcq-shard-00-00.8gy1hbh.mongodb.net:27017 to client view of cluster
2025-06-23T16:03:08.092+09:00  INFO 30226 --- [backend] [hbh.mongodb.net] org.mongodb.driver.cluster               : Adding discovered server ac-yf9wtcq-shard-00-01.8gy1hbh.mongodb.net:27017 to client view of cluster
2025-06-23T16:03:08.094+09:00  INFO 30226 --- [backend] [hbh.mongodb.net] org.mongodb.driver.cluster               : Adding discovered server ac-yf9wtcq-shard-00-02.8gy1hbh.mongodb.net:27017 to client view of cluster
2025-06-23T16:03:08.133+09:00  INFO 30226 --- [backend] [           main] o.e.backend.BackendApplicationTests      : Started BackendApplicationTests in 1.983 seconds (process running for 2.602)
2025-06-23T16:03:08.379+09:00  INFO 30226 --- [backend] [ngodb.net:27017] org.mongodb.driver.cluster               : Monitor thread successfully connected to server with description ServerDescription{address=ac-yf9wtcq-shard-00-00.8gy1hbh.mongodb.net:27017, type=REPLICA_SET_SECONDARY, cryptd=false, state=CONNECTED, ok=true, minWireVersion=0, maxWireVersion=25, maxDocumentSize=16777216, logicalSessionTimeoutMinutes=30, roundTripTimeNanos=189363712, minRoundTripTimeNanos=0, setName='atlas-1ciq7z-shard-0', canonicalAddress=ac-yf9wtcq-shard-00-00.8gy1hbh.mongodb.net:27017, hosts=[ac-yf9wtcq-shard-00-00.8gy1hbh.mongodb.net:27017, ac-yf9wtcq-shard-00-02.8gy1hbh.mongodb.net:27017, ac-yf9wtcq-shard-00-01.8gy1hbh.mongodb.net:27017], passives=[], arbiters=[], primary='ac-yf9wtcq-shard-00-01.8gy1hbh.mongodb.net:27017', tagSet=TagSet{[Tag{name='availabilityZone', value='apne2-az1'}, Tag{name='diskState', value='READY'}, Tag{name='nodeType', value='ELECTABLE'}, Tag{name='provider', value='AWS'}, Tag{name='region', value='AP_NORTHEAST_2'}, Tag{name='workloadType', value='OPERATIONAL'}]}, electionId=null, setVersion=9, topologyVersion=TopologyVersion{processId=684ef18e6d448fcae2039cc7, counter=4}, lastWriteDate=Mon Jun 23 16:03:08 KST 2025, lastUpdateTimeNanos=6108227905494}
2025-06-23T16:03:08.381+09:00  INFO 30226 --- [backend] [ngodb.net:27017] org.mongodb.driver.cluster               : Monitor thread successfully connected to server with description ServerDescription{address=ac-yf9wtcq-shard-00-01.8gy1hbh.mongodb.net:27017, type=REPLICA_SET_PRIMARY, cryptd=false, state=CONNECTED, ok=true, minWireVersion=0, maxWireVersion=25, maxDocumentSize=16777216, logicalSessionTimeoutMinutes=30, roundTripTimeNanos=188679167, minRoundTripTimeNanos=0, setName='atlas-1ciq7z-shard-0', canonicalAddress=ac-yf9wtcq-shard-00-01.8gy1hbh.mongodb.net:27017, hosts=[ac-yf9wtcq-shard-00-00.8gy1hbh.mongodb.net:27017, ac-yf9wtcq-shard-00-02.8gy1hbh.mongodb.net:27017, ac-yf9wtcq-shard-00-01.8gy1hbh.mongodb.net:27017], passives=[], arbiters=[], primary='ac-yf9wtcq-shard-00-01.8gy1hbh.mongodb.net:27017', tagSet=TagSet{[Tag{name='availabilityZone', value='apne2-az3'}, Tag{name='diskState', value='READY'}, Tag{name='nodeType', value='ELECTABLE'}, Tag{name='provider', value='AWS'}, Tag{name='region', value='AP_NORTHEAST_2'}, Tag{name='workloadType', value='OPERATIONAL'}]}, electionId=7fffffff0000000000000086, setVersion=9, topologyVersion=TopologyVersion{processId=684ef3c345e2ae86573537af, counter=6}, lastWriteDate=Mon Jun 23 16:03:08 KST 2025, lastUpdateTimeNanos=6108227905394}
2025-06-23T16:03:08.383+09:00  INFO 30226 --- [backend] [ngodb.net:27017] org.mongodb.driver.cluster               : Monitor thread successfully connected to server with description ServerDescription{address=ac-yf9wtcq-shard-00-02.8gy1hbh.mongodb.net:27017, type=REPLICA_SET_SECONDARY, cryptd=false, state=CONNECTED, ok=true, minWireVersion=0, maxWireVersion=25, maxDocumentSize=16777216, logicalSessionTimeoutMinutes=30, roundTripTimeNanos=189694078, minRoundTripTimeNanos=0, setName='atlas-1ciq7z-shard-0', canonicalAddress=ac-yf9wtcq-shard-00-02.8gy1hbh.mongodb.net:27017, hosts=[ac-yf9wtcq-shard-00-00.8gy1hbh.mongodb.net:27017, ac-yf9wtcq-shard-00-02.8gy1hbh.mongodb.net:27017, ac-yf9wtcq-shard-00-01.8gy1hbh.mongodb.net:27017], passives=[], arbiters=[], primary='ac-yf9wtcq-shard-00-01.8gy1hbh.mongodb.net:27017', tagSet=TagSet{[Tag{name='availabilityZone', value='apne2-az2'}, Tag{name='diskState', value='READY'}, Tag{name='nodeType', value='ELECTABLE'}, Tag{name='provider', value='AWS'}, Tag{name='region', value='AP_NORTHEAST_2'}, Tag{name='workloadType', value='OPERATIONAL'}]}, electionId=null, setVersion=9, topologyVersion=TopologyVersion{processId=684ef6a4592747b1839312c4, counter=3}, lastWriteDate=Mon Jun 23 16:03:08 KST 2025, lastUpdateTimeNanos=6108229146361}
2025-06-23T16:03:08.385+09:00  INFO 30226 --- [backend] [ngodb.net:27017] org.mongodb.driver.cluster               : Discovered replica set primary ac-yf9wtcq-shard-00-01.8gy1hbh.mongodb.net:27017 with max election id 7fffffff0000000000000086 and max set version 9
]]></system-out>
  </testcase>
</testsuite>